Build started 09.11.2015 19:30:48.
     1>Project "C:\Users\Peter Mortimer\Documents\WinterSemester2015\WiSe2015-Game Physics\Exercise1\Template_GamePhysics\DXUT11\Optional\DXUTOpt_DirectXTK_2013.vcxproj" on node 5 (Build target(s)).
     1>ClCompile:
         C:\Program Files (x86)\Microsoft Visual Studio 12.0\VC\bin\x86_amd64\CL.exe /c /I..\..\DirectXTK\Inc /I..\Core\ /Zi /nologo /W4 /WX- /Od /Oi /D WIN32 /D _DEBUG /D DEBUG /D PROFILE /D _WINDOWS /D _LIB /D USE_DIRECTXTK /D USE_DIRECT3D11_2 /D _WIN32_WINNT=0x0600 /D _UNICODE /D UNICODE /Gm- /EHsc /RTC1 /MDd /GS /fp:fast /Zc:wchar_t /Zc:forScope /openmp- /Yc"DXUT.h" /Fp"Bin\DirectXTK_2013\x64\Debug\DXUTOpt.pch" /Fo"Bin\DirectXTK_2013\x64\Debug\\" /Fd"Bin\DirectXTK_2013\x64\Debug\DXUTOpt.pdb" /Gd /TP /errorReport:prompt  DXUTres.cpp
         DXUTres.cpp
         C:\Program Files (x86)\Microsoft Visual Studio 12.0\VC\bin\x86_amd64\CL.exe /c /I..\..\DirectXTK\Inc /I..\Core\ /Zi /nologo /W4 /WX- /Od /Oi /D WIN32 /D _DEBUG /D DEBUG /D PROFILE /D _WINDOWS /D _LIB /D USE_DIRECTXTK /D USE_DIRECT3D11_2 /D _WIN32_WINNT=0x0600 /D _UNICODE /D UNICODE /Gm- /EHsc /RTC1 /MDd /GS /fp:fast /Zc:wchar_t /Zc:forScope /openmp- /Yu"DXUT.h" /Fp"Bin\DirectXTK_2013\x64\Debug\DXUTOpt.pch" /Fo"Bin\DirectXTK_2013\x64\Debug\\" /Fd"Bin\DirectXTK_2013\x64\Debug\DXUTOpt.pdb" /Gd /TP /errorReport:prompt  DXUTcamera.cpp DXUTgui.cpp DXUTguiIME.cpp DXUTsettingsdlg.cpp ImeUi.cpp SDKmisc.cpp
         DXUTcamera.cpp
         DXUTgui.cpp
         DXUTguiIME.cpp
         DXUTsettingsdlg.cpp
         ImeUi.cpp
         SDKmisc.cpp
         Generating Code...
       Lib:
         C:\Program Files (x86)\Microsoft Visual Studio 12.0\VC\bin\x86_amd64\Lib.exe /OUT:"Bin\DirectXTK_2013\x64\Debug\DXUTOpt.lib" /NOLOGO /MACHINE:X64 Bin\DirectXTK_2013\x64\Debug\DXUTcamera.obj
         Bin\DirectXTK_2013\x64\Debug\DXUTgui.obj
         Bin\DirectXTK_2013\x64\Debug\DXUTguiIME.obj
         Bin\DirectXTK_2013\x64\Debug\DXUTres.obj
         Bin\DirectXTK_2013\x64\Debug\DXUTsettingsdlg.obj
         Bin\DirectXTK_2013\x64\Debug\ImeUi.obj
         Bin\DirectXTK_2013\x64\Debug\SDKmisc.obj
         DXUTOpt_DirectXTK_2013.vcxproj -> C:\Users\Peter Mortimer\Documents\WinterSemester2015\WiSe2015-Game Physics\Exercise1\Template_GamePhysics\DXUT11\Optional\Bin\DirectXTK_2013\x64\Debug\DXUTOpt.lib
     1>Done Building Project "C:\Users\Peter Mortimer\Documents\WinterSemester2015\WiSe2015-Game Physics\Exercise1\Template_GamePhysics\DXUT11\Optional\DXUTOpt_DirectXTK_2013.vcxproj" (Build target(s)).

Build succeeded.

Time Elapsed 00:00:26.41
