Build started 09.11.2015 19:32:16.
     1>Project "C:\Users\Peter Mortimer\Documents\WinterSemester2015\WiSe2015-Game Physics\Exercise1\Template_GamePhysics\Demo\Demo_2013.vcxproj" on node 3 (Build target(s)).
     1>FxCompile:
         C:\Program Files (x86)\Windows Kits\8.1\bin\x86\fxc.exe /nologo /T fx_5_0 /Fo "C:\Users\Peter Mortimer\Documents\WinterSemester2015\WiSe2015-Game Physics\Exercise1\Template_GamePhysics\x64\Debug\effect.fxo" /Od /Zi effect.fx 
     1>FXC : warning X4717: Effects deprecated for D3DCompiler_47
         
         compilation object save succeeded; see C:\Users\Peter Mortimer\Documents\WinterSemester2015\WiSe2015-Game Physics\Exercise1\Template_GamePhysics\x64\Debug\effect.fxo
       ClCompile:
         C:\Program Files (x86)\Microsoft Visual Studio 12.0\VC\bin\x86_amd64\CL.exe /c /I"C:\Users\Peter Mortimer\Documents\WinterSemester2015\WiSe2015-Game Physics\Exercise1\Template_GamePhysics\DirectXTK/Inc" /I"C:\Users\Peter Mortimer\Documents\WinterSemester2015\WiSe2015-Game Physics\Exercise1\Template_GamePhysics\DXUT11/Core" /I"C:\Users\Peter Mortimer\Documents\WinterSemester2015\WiSe2015-Game Physics\Exercise1\Template_GamePhysics\DXUT11/Optional" /I"C:\Users\Peter Mortimer\Documents\WinterSemester2015\WiSe2015-Game Physics\Exercise1\Template_GamePhysics\Effects11/inc" /I"C:\Users\Peter Mortimer\Documents\WinterSemester2015\WiSe2015-Game Physics\Exercise1\Template_GamePhysics\AntTweakBar/include" /Zi /nologo /W3 /WX- /Od /D WIN32 /D NOMINMAX /D _CONSOLE /D _DEBUG /D _UNICODE /D UNICODE /Gm /EHsc /RTC1 /MDd /GS /fp:precise /Zc:wchar_t /Zc:forScope /Fo"x64\Debug\\" /Fd"x64\Debug\vc120.pdb" /Gd /TP /errorReport:prompt main.cpp util\FFmpeg.cpp util\util.cpp
         util.cpp
         FFmpeg.cpp
         main.cpp
     1>main.cpp(658): warning C4305: '-=' : truncation from 'double' to 'float'
     1>main.cpp(660): warning C4305: '-=' : truncation from 'double' to 'float'
     1>main.cpp(662): warning C4305: '-=' : truncation from 'double' to 'float'
         Generating Code...
       Link:
         C:\Program Files (x86)\Microsoft Visual Studio 12.0\VC\bin\x86_amd64\link.exe /ERRORREPORT:PROMPT /OUT:"C:\Users\Peter Mortimer\Documents\WinterSemester2015\WiSe2015-Game Physics\Exercise1\Template_GamePhysics\x64\Debug\Demo.exe" /INCREMENTAL /NOLOGO D3DCompiler.lib Mf.lib mfuuid.lib Mfplat.lib Mfreadwrite.lib comctl32.lib kernel32.lib user32.lib gdi32.lib winspool.lib comdlg32.lib advapi32.lib shell32.lib ole32.lib oleaut32.lib uuid.lib odbc32.lib odbccp32.lib kernel32.lib user32.lib gdi32.lib winspool.lib comdlg32.lib advapi32.lib shell32.lib ole32.lib oleaut32.lib uuid.lib odbc32.lib odbccp32.lib /MANIFEST /MANIFESTUAC:"level='asInvoker' uiAccess='false'" /manifest:embed /DEBUG /PDB:"C:\Users\Peter Mortimer\Documents\WinterSemester2015\WiSe2015-Game Physics\Exercise1\Template_GamePhysics\x64\Debug\Demo.pdb" /SUBSYSTEM:CONSOLE /TLBID:1 /DYNAMICBASE /NXCOMPAT /IMPLIB:"C:\Users\Peter Mortimer\Documents\WinterSemester2015\WiSe2015-Game Physics\Exercise1\Template_GamePhysics\x64\Debug\Demo.lib" /MACHINE:X64 x64\Debug\main.obj
         x64\Debug\FFmpeg.obj
         x64\Debug\util.obj
         "C:\Users\Peter Mortimer\Documents\WinterSemester2015\WiSe2015-Game Physics\Exercise1\Template_GamePhysics\AntTweakBar\lib\debug\AntTweakBar64.lib"
         "C:\Users\Peter Mortimer\Documents\WinterSemester2015\WiSe2015-Game Physics\Exercise1\Template_GamePhysics\DirectXTK\Bin\Desktop_2013\x64\Debug\DirectXTK.lib"
         "C:\Users\Peter Mortimer\Documents\WinterSemester2015\WiSe2015-Game Physics\Exercise1\Template_GamePhysics\DXUT11\Core\Bin\DirectXTK_2013\x64\Debug\DXUT.lib"
         "C:\Users\Peter Mortimer\Documents\WinterSemester2015\WiSe2015-Game Physics\Exercise1\Template_GamePhysics\DXUT11\Optional\Bin\DirectXTK_2013\x64\Debug\DXUTOpt.lib"
         "C:\Users\Peter Mortimer\Documents\WinterSemester2015\WiSe2015-Game Physics\Exercise1\Template_GamePhysics\Effects11\Bin\Desktop_2013\x64\Debug\Effects11.lib"
         Demo_2013.vcxproj -> C:\Users\Peter Mortimer\Documents\WinterSemester2015\WiSe2015-Game Physics\Exercise1\Template_GamePhysics\x64\Debug\Demo.exe
     1>Done Building Project "C:\Users\Peter Mortimer\Documents\WinterSemester2015\WiSe2015-Game Physics\Exercise1\Template_GamePhysics\Demo\Demo_2013.vcxproj" (Build target(s)).

Build succeeded.

Time Elapsed 00:00:09.41
